{"total": {"lines":{"total":347,"covered":57,"skipped":0,"pct":16.42},"statements":{"total":353,"covered":57,"skipped":0,"pct":16.14},"functions":{"total":120,"covered":14,"skipped":0,"pct":11.66},"branches":{"total":136,"covered":51,"skipped":0,"pct":37.5},"branchesTrue":{"total":0,"covered":0,"skipped":0,"pct":100}}
,"C:\\sprint2\\respawn67\\apps\\frontend\\app\\root.tsx": {"lines":{"total":12,"covered":0,"skipped":0,"pct":0},"functions":{"total":4,"covered":0,"skipped":0,"pct":0},"statements":{"total":13,"covered":0,"skipped":0,"pct":0},"branches":{"total":15,"covered":0,"skipped":0,"pct":0}}
,"C:\\sprint2\\respawn67\\apps\\frontend\\app\\components\\game-card.tsx": {"lines":{"total":1,"covered":0,"skipped":0,"pct":0},"functions":{"total":1,"covered":0,"skipped":0,"pct":0},"statements":{"total":1,"covered":0,"skipped":0,"pct":0},"branches":{"total":2,"covered":0,"skipped":0,"pct":0}}
,"C:\\sprint2\\respawn67\\apps\\frontend\\app\\components\\navbar.tsx": {"lines":{"total":17,"covered":0,"skipped":0,"pct":0},"functions":{"total":8,"covered":0,"skipped":0,"pct":0},"statements":{"total":17,"covered":0,"skipped":0,"pct":0},"branches":{"total":10,"covered":0,"skipped":0,"pct":0}}
,"C:\\sprint2\\respawn67\\apps\\frontend\\app\\lib\\api.ts": {"lines":{"total":50,"covered":0,"skipped":0,"pct":0},"functions":{"total":25,"covered":0,"skipped":0,"pct":0},"statements":{"total":52,"covered":0,"skipped":0,"pct":0},"branches":{"total":44,"covered":0,"skipped":0,"pct":0}}
,"C:\\sprint2\\respawn67\\apps\\frontend\\app\\lib\\auth.test.ts": {"lines":{"total":149,"covered":0,"skipped":0,"pct":0},"functions":{"total":52,"covered":0,"skipped":0,"pct":0},"statements":{"total":150,"covered":0,"skipped":0,"pct":0},"branches":{"total":0,"covered":0,"skipped":0,"pct":100}}
,"C:\\sprint2\\respawn67\\apps\\frontend\\app\\lib\\auth.ts": {"lines":{"total":64,"covered":56,"skipped":0,"pct":87.5},"functions":{"total":15,"covered":13,"skipped":0,"pct":86.66},"statements":{"total":66,"covered":56,"skipped":0,"pct":84.84},"branches":{"total":63,"covered":51,"skipped":0,"pct":80.95}}
,"C:\\sprint2\\respawn67\\apps\\frontend\\app\\lib\\use-require-auth.ts": {"lines":{"total":10,"covered":0,"skipped":0,"pct":0},"functions":{"total":2,"covered":0,"skipped":0,"pct":0},"statements":{"total":10,"covered":0,"skipped":0,"pct":0},"branches":{"total":2,"covered":0,"skipped":0,"pct":0}}
,"C:\\sprint2\\respawn67\\apps\\frontend\\app\\lib\\utils.test.ts": {"lines":{"total":43,"covered":0,"skipped":0,"pct":0},"functions":{"total":12,"covered":0,"skipped":0,"pct":0},"statements":{"total":43,"covered":0,"skipped":0,"pct":0},"branches":{"total":0,"covered":0,"skipped":0,"pct":100}}
,"C:\\sprint2\\respawn67\\apps\\frontend\\app\\lib\\utils.ts": {"lines":{"total":1,"covered":1,"skipped":0,"pct":100},"functions":{"total":1,"covered":1,"skipped":0,"pct":100},"statements":{"total":1,"covered":1,"skipped":0,"pct":100},"branches":{"total":0,"covered":0,"skipped":0,"pct":100}}
}
